<?xml version="1.0" encoding="UTF-8"?>
<robot generator="Robot 3.2.1 (Python 3.8.5 on win32)" generated="20200728 16:36:43.882" rpa="false">
<suite id="s1" name="Testsuit1" source="C:\Users\Raj\Desktop\ECLIPS WORKSPACE\RobotProject1\Test\Testsuit1.robot">
<kw name="Log" library="BuiltIn" type="setup">
<doc>Logs the given message with the given level.</doc>
<arguments>
<arg>I am inside Test Suite Setup</arg>
</arguments>
<msg timestamp="20200728 16:36:44.305" level="INFO">I am inside Test Suite Setup</msg>
<status status="PASS" starttime="20200728 16:36:44.304" endtime="20200728 16:36:44.305"></status>
</kw>
<test id="s1-t1" name="MyFirstTest">
<kw name="Log" library="BuiltIn" type="setup">
<doc>Logs the given message with the given level.</doc>
<arguments>
<arg>I am inside Test Setup</arg>
</arguments>
<msg timestamp="20200728 16:36:44.306" level="INFO">I am inside Test Setup</msg>
<status status="PASS" starttime="20200728 16:36:44.306" endtime="20200728 16:36:44.306"></status>
</kw>
<kw name="Log" library="BuiltIn">
<doc>Logs the given message with the given level.</doc>
<arguments>
<arg>Hello World...</arg>
</arguments>
<msg timestamp="20200728 16:36:44.307" level="INFO">Hello World...</msg>
<status status="PASS" starttime="20200728 16:36:44.307" endtime="20200728 16:36:44.307"></status>
</kw>
<kw name="Log" library="BuiltIn" type="teardown">
<doc>Logs the given message with the given level.</doc>
<arguments>
<arg>I am inside Test Teardown</arg>
</arguments>
<msg timestamp="20200728 16:36:44.308" level="INFO">I am inside Test Teardown</msg>
<status status="PASS" starttime="20200728 16:36:44.308" endtime="20200728 16:36:44.308"></status>
</kw>
<tags>
<tag>smoke</tag>
</tags>
<status status="PASS" starttime="20200728 16:36:44.305" endtime="20200728 16:36:44.309" critical="yes"></status>
</test>
<test id="s1-t2" name="MySecondTest">
<kw name="Log" library="BuiltIn" type="setup">
<doc>Logs the given message with the given level.</doc>
<arguments>
<arg>I am inside Test Setup</arg>
</arguments>
<msg timestamp="20200728 16:36:44.314" level="INFO">I am inside Test Setup</msg>
<status status="PASS" starttime="20200728 16:36:44.314" endtime="20200728 16:36:44.314"></status>
</kw>
<kw name="Log" library="BuiltIn">
<doc>Logs the given message with the given level.</doc>
<arguments>
<arg>I am inside 2nd test.</arg>
</arguments>
<msg timestamp="20200728 16:36:44.315" level="INFO">I am inside 2nd test.</msg>
<status status="PASS" starttime="20200728 16:36:44.315" endtime="20200728 16:36:44.315"></status>
</kw>
<kw name="Set Tags" library="BuiltIn">
<doc>Adds given ``tags`` for the current test or all tests in a suite.</doc>
<arguments>
<arg>regresion1</arg>
</arguments>
<msg timestamp="20200728 16:36:44.316" level="INFO">Set tag 'regresion1'.</msg>
<status status="PASS" starttime="20200728 16:36:44.316" endtime="20200728 16:36:44.316"></status>
</kw>
<kw name="Remove Tags" library="BuiltIn">
<doc>Removes given ``tags`` from the current test or all tests in a suite.</doc>
<arguments>
<arg>regresion1</arg>
</arguments>
<msg timestamp="20200728 16:36:44.317" level="INFO">Removed tag 'regresion1'.</msg>
<status status="PASS" starttime="20200728 16:36:44.317" endtime="20200728 16:36:44.318"></status>
</kw>
<kw name="Log" library="BuiltIn" type="teardown">
<doc>Logs the given message with the given level.</doc>
<arguments>
<arg>I am inside Test Teardown</arg>
</arguments>
<msg timestamp="20200728 16:36:44.318" level="INFO">I am inside Test Teardown</msg>
<status status="PASS" starttime="20200728 16:36:44.318" endtime="20200728 16:36:44.319"></status>
</kw>
<tags>
<tag>sanity</tag>
</tags>
<status status="PASS" starttime="20200728 16:36:44.311" endtime="20200728 16:36:44.320" critical="yes"></status>
</test>
<test id="s1-t3" name="MyThirdTest">
<kw name="Log" library="BuiltIn" type="setup">
<doc>Logs the given message with the given level.</doc>
<arguments>
<arg>I am inside Test Setup</arg>
</arguments>
<msg timestamp="20200728 16:36:44.325" level="INFO">I am inside Test Setup</msg>
<status status="PASS" starttime="20200728 16:36:44.324" endtime="20200728 16:36:44.325"></status>
</kw>
<kw name="Log" library="BuiltIn">
<doc>Logs the given message with the given level.</doc>
<arguments>
<arg>I am inside 3rd test.</arg>
</arguments>
<msg timestamp="20200728 16:36:44.326" level="INFO">I am inside 3rd test.</msg>
<status status="PASS" starttime="20200728 16:36:44.325" endtime="20200728 16:36:44.326"></status>
</kw>
<kw name="Log" library="BuiltIn" type="teardown">
<doc>Logs the given message with the given level.</doc>
<arguments>
<arg>I am inside Test Teardown</arg>
</arguments>
<msg timestamp="20200728 16:36:44.327" level="INFO">I am inside Test Teardown</msg>
<status status="PASS" starttime="20200728 16:36:44.327" endtime="20200728 16:36:44.327"></status>
</kw>
<tags>
<tag>sanity</tag>
</tags>
<status status="PASS" starttime="20200728 16:36:44.322" endtime="20200728 16:36:44.327" critical="yes"></status>
</test>
<kw name="Log" library="BuiltIn" type="teardown">
<doc>Logs the given message with the given level.</doc>
<arguments>
<arg>Iam inside Test Suite Teardown</arg>
</arguments>
<msg timestamp="20200728 16:36:44.331" level="INFO">Iam inside Test Suite Teardown</msg>
<status status="PASS" starttime="20200728 16:36:44.330" endtime="20200728 16:36:44.331"></status>
</kw>
<status status="PASS" starttime="20200728 16:36:43.888" endtime="20200728 16:36:44.331"></status>
</suite>
<statistics>
<total>
<stat pass="3" fail="0">Critical Tests</stat>
<stat pass="3" fail="0">All Tests</stat>
</total>
<tag>
<stat pass="2" fail="0">sanity</stat>
<stat pass="1" fail="0">smoke</stat>
</tag>
<suite>
<stat pass="3" fail="0" id="s1" name="Testsuit1">Testsuit1</stat>
</suite>
</statistics>
<errors>
</errors>
</robot>
